17.12.2021, 21:26 FINE Logger configuration finished
17.12.2021, 21:26 FINE Sort Manager application started
17.12.2021, 21:26 FINE Start Message printed
17.12.2021, 21:26 FINE Sorters list printed out from file
17.12.2021, 21:26 FINE Sorter found in sortersList.txt
17.12.2021, 21:26 FINE Random array generated
17.12.2021, 21:26 FINE Merge Sorter object created
17.12.2021, 21:26 FINE Merge sorter sorting started
17.12.2021, 21:26 FINE Merge sorter sorting finished
17.12.2021, 21:26 FINE Final message printed
Closing application

17.12.2021, 13:48 FINE Logger configuration finished
17.12.2021, 13:48 FINE Sort Manager application started
17.12.2021, 13:48 FINE Start Message printed
17.12.2021, 13:48 FINE Sorters list printed out from file
17.12.2021, 13:48 SEVERE Invalid user input
17.12.2021, 13:49 FINE Logger configuration finished
17.12.2021, 13:49 FINE Sort Manager application started
17.12.2021, 13:49 FINE Start Message printed
17.12.2021, 13:49 FINE Sorters list printed out from file
17.12.2021, 13:49 WARNING Sorter not found in sortersList.txt
17.12.2021, 13:50 FINE Logger configuration finished
17.12.2021, 13:50 FINE Sort Manager application started
17.12.2021, 13:50 FINE Start Message printed
17.12.2021, 13:50 FINE Sorters list printed out from file
17.12.2021, 13:50 WARNING Sorter not found in sortersList.txt
17.12.2021, 14:21 FINE Logger configuration finished
17.12.2021, 14:21 FINE Sort Manager application started
17.12.2021, 14:21 FINE Start Message printed
17.12.2021, 14:21 FINE Sorters list printed out from file
17.12.2021, 14:21 FINE Sorter found in sortersList.txt
17.12.2021, 14:22 WARNING 0 input for array size. Waiting for new input
17.12.2021, 14:22 WARNING 0 input for array size. Waiting for new input
17.12.2021, 14:22 FINE Random array generated
17.12.2021, 14:22 FINE Bubble Sorter object created
17.12.2021, 14:22 FINE Bubble sorter sorting started
17.12.2021, 14:22 FINE Bubble sorter sorting finished
17.12.2021, 14:22 FINE Final message printed
Closing application
17.12.2021, 14:22 FINE Logger configuration finished
17.12.2021, 14:22 FINE Sort Manager application started
17.12.2021, 14:22 FINE Start Message printed
17.12.2021, 14:22 FINE Sorters list printed out from file
17.12.2021, 14:22 FINE Sorter found in sortersList.txt
17.12.2021, 14:22 WARNING 0 input for array size. Waiting for new input
17.12.2021, 14:22 WARNING Invalid user input.
17.12.2021, 14:22 WARNING 0 input for array size. Waiting for new input
17.12.2021, 14:22 WARNING Invalid user input.
17.12.2021, 14:22 FINE Random array generated
17.12.2021, 14:22 FINE Bubble Sorter object created
17.12.2021, 14:22 FINE Bubble sorter sorting started
17.12.2021, 14:22 FINE Bubble sorter sorting finished
17.12.2021, 14:22 FINE Final message printed
Closing application
17.12.2021, 14:23 FINE Logger configuration finished
17.12.2021, 14:23 FINE Sort Manager application started
17.12.2021, 14:23 FINE Start Message printed
17.12.2021, 14:23 FINE Sorters list printed out from file
17.12.2021, 14:23 FINE Sorter found in sortersList.txt
17.12.2021, 14:23 WARNING Invalid user input.
17.12.2021, 14:23 FINE Random array generated
17.12.2021, 14:23 FINE Bubble Sorter object created
17.12.2021, 14:23 FINE Bubble sorter sorting started
17.12.2021, 14:23 FINE Bubble sorter sorting finished
17.12.2021, 14:23 FINE Final message printed
Closing application
17.12.2021, 14:23 FINE Logger configuration finished
17.12.2021, 14:23 FINE Sort Manager application started
17.12.2021, 14:23 FINE Start Message printed
17.12.2021, 14:23 FINE Sorters list printed out from file
17.12.2021, 14:23 FINE Sorter found in sortersList.txt
17.12.2021, 14:23 FINE Random array generated
17.12.2021, 14:23 FINE Bubble Sorter object created
17.12.2021, 14:23 FINE Bubble sorter sorting started
17.12.2021, 14:23 FINE Bubble sorter sorting finished
17.12.2021, 14:23 FINE Final message printed
Closing application
17.12.2021, 14:24 FINE Logger configuration finished
17.12.2021, 14:24 FINE Sort Manager application started
17.12.2021, 14:24 FINE Start Message printed
17.12.2021, 14:24 FINE Sorters list printed out from file
17.12.2021, 14:24 WARNING Sorter not found in sortersList.txt
17.12.2021, 14:24 WARNING Sorter not found in sortersList.txt
17.12.2021, 14:24 FINE Logger configuration finished
17.12.2021, 14:24 FINE Sort Manager application started
17.12.2021, 14:24 FINE Start Message printed
17.12.2021, 14:24 FINE Sorters list printed out from file
17.12.2021, 14:25 WARNING Sorter not found in sortersList.txt
17.12.2021, 14:25 FINE Logger configuration finished
17.12.2021, 14:25 FINE Sort Manager application started
17.12.2021, 14:25 FINE Start Message printed
17.12.2021, 14:25 FINE Sorters list printed out from file
17.12.2021, 14:25 WARNING Sorter not found in sortersList.txt
17.12.2021, 14:26 FINE Logger configuration finished
17.12.2021, 14:26 FINE Sort Manager application started
17.12.2021, 14:26 FINE Start Message printed
17.12.2021, 14:26 FINE Sorters list printed out from file
17.12.2021, 14:26 WARNING Sorter not found in sortersList.txt
17.12.2021, 14:26 FINE Sorter found in sortersList.txt
17.12.2021, 14:26 FINE Logger configuration finished
17.12.2021, 14:26 FINE Sort Manager application started
17.12.2021, 14:26 FINE Start Message printed
17.12.2021, 14:26 FINE Sorters list printed out from file
17.12.2021, 14:26 WARNING Sorter not found in sortersList.txt
17.12.2021, 14:26 WARNING Sorter not found in sortersList.txt
17.12.2021, 14:26 WARNING Sorter not found in sortersList.txt
17.12.2021, 14:26 FINE Sorter found in sortersList.txt
17.12.2021, 14:26 FINE Random array generated
17.12.2021, 14:26 FINE Bubble Sorter object created
17.12.2021, 14:26 FINE Bubble sorter sorting started
17.12.2021, 14:26 FINE Bubble sorter sorting finished
17.12.2021, 14:26 FINE Final message printed
Closing application
17.12.2021, 14:28 FINE Logger configuration finished
17.12.2021, 14:28 FINE Sort Manager application started
17.12.2021, 14:28 FINE Start Message printed
17.12.2021, 14:28 FINE Sorters list printed out from file
17.12.2021, 14:28 WARNING Invalid user input
17.12.2021, 14:28 WARNING Invalid user input
17.12.2021, 14:28 WARNING Sorter not found in sortersList.txt
17.12.2021, 14:28 FINE Sorter found in sortersList.txt
17.12.2021, 14:28 FINE Random array generated
17.12.2021, 14:28 FINE Bubble Sorter object created
17.12.2021, 14:28 FINE Bubble sorter sorting started
17.12.2021, 14:28 FINE Bubble sorter sorting finished
17.12.2021, 14:28 FINE Final message printed
Closing application
17.12.2021, 14:28 FINE Logger configuration finished
17.12.2021, 14:28 FINE Sort Manager application started
17.12.2021, 14:28 FINE Start Message printed
17.12.2021, 14:28 FINE Sorters list printed out from file
17.12.2021, 14:28 WARNING Invalid user input
17.12.2021, 14:28 FINE Sorter found in sortersList.txt
17.12.2021, 14:29 FINE Random array generated
17.12.2021, 14:29 FINE Merge Sorter object created
17.12.2021, 14:29 FINE Merge sorter sorting started
17.12.2021, 14:29 FINE Merge sorter sorting finished
17.12.2021, 14:29 FINE Final message printed
Closing application
17.12.2021, 21:32 CONFIG Logger configuration finished
17.12.2021, 21:32 INFO Sort Manager application started
17.12.2021, 21:32 FINE Start Message printed
17.12.2021, 21:32 INFO Sorters list printed out from file
17.12.2021, 21:32 FINE Sorter found in sortersList.txt
17.12.2021, 21:32 FINE Random array generated
17.12.2021, 21:32 INFO Bubble Sorter object created
17.12.2021, 21:32 FINE Bubble sorter sorting started
17.12.2021, 21:32 FINE Bubble sorter sorting finished
17.12.2021, 21:32 FINE Final message printed
Closing application
17.12.2021, 21:33 CONFIG Logger configuration finished
17.12.2021, 21:33 INFO Sort Manager application started
17.12.2021, 21:33 FINE Start Message printed
17.12.2021, 21:33 INFO Sorters list printed out from file
17.12.2021, 21:33 FINE Sorter found in sortersList.txt
17.12.2021, 21:33 FINE Random array generated
17.12.2021, 21:33 INFO Bubble Sorter object created
17.12.2021, 21:33 FINE Bubble sorter sorting started
17.12.2021, 21:33 FINE Bubble sorter sorting finished
17.12.2021, 21:33 FINE Final message printed
Closing application
18.12.2021, 13:02 CONFIG Logger configuration finished
18.12.2021, 13:02 INFO Sort Manager application started
18.12.2021, 13:02 FINE Start Message printed
18.12.2021, 13:02 INFO Sorters list printed out from file
18.12.2021, 13:02 FINE Sorter found in sortersList.txt
18.12.2021, 13:02 FINE Random array generated
18.12.2021, 13:02 INFO Bubble Sorter object created
18.12.2021, 13:02 FINE Bubble sorter sorting started
18.12.2021, 13:02 FINE Bubble sorter sorting finished
18.12.2021, 13:02 FINE Final message printed
Closing application
18.12.2021, 13:02 CONFIG Logger configuration finished
18.12.2021, 13:02 INFO Sort Manager application started
18.12.2021, 13:02 FINE Start Message printed
18.12.2021, 13:02 INFO Sorters list printed out from file
18.12.2021, 13:02 FINE Sorter found in sortersList.txt
18.12.2021, 13:02 FINE Random array generated
18.12.2021, 13:02 INFO Merge Sorter object created
18.12.2021, 13:02 FINE Merge sorter sorting started
18.12.2021, 13:02 FINE Merge sorter sorting finished
18.12.2021, 13:02 FINE Final message printed
Closing application
18.12.2021, 13:02 CONFIG Logger configuration finished
18.12.2021, 13:02 INFO Sort Manager application started
18.12.2021, 13:02 FINE Start Message printed
18.12.2021, 13:02 INFO Sorters list printed out from file
18.12.2021, 13:02 FINE Sorter found in sortersList.txt
18.12.2021, 13:02 FINE Random array generated
18.12.2021, 13:02 INFO Merge Sorter object created
18.12.2021, 13:02 FINE Merge sorter sorting started
18.12.2021, 13:02 FINE Merge sorter sorting finished
18.12.2021, 13:02 FINE Final message printed
Closing application
18.12.2021, 13:02 CONFIG Logger configuration finished
18.12.2021, 13:02 INFO Sort Manager application started
18.12.2021, 13:02 FINE Start Message printed
18.12.2021, 13:02 INFO Sorters list printed out from file
18.12.2021, 13:02 FINE Sorter found in sortersList.txt
18.12.2021, 13:02 FINE Random array generated
18.12.2021, 13:02 INFO Bubble Sorter object created
18.12.2021, 13:02 FINE Bubble sorter sorting started
18.12.2021, 13:02 FINE Bubble sorter sorting finished
18.12.2021, 13:02 FINE Final message printed
Closing application
11.01.2022, 15:03 CONFIG Logger configuration finished
11.01.2022, 15:03 INFO Sort Manager application started
11.01.2022, 15:03 FINE Start Message printed
11.01.2022, 15:03 INFO Sorters list printed out from file
11.01.2022, 15:04 CONFIG Logger configuration finished
11.01.2022, 15:04 INFO Sort Manager application started
11.01.2022, 15:04 FINE Start Message printed
11.01.2022, 15:04 INFO Sorters list printed out from file
11.01.2022, 15:04 FINE Sorter found in sortersList.txt
11.01.2022, 15:04 FINE Random array generated
11.01.2022, 15:04 INFO Bubble Sorter object created
11.01.2022, 15:04 FINE Bubble sorter sorting started
11.01.2022, 15:04 FINE Bubble sorter sorting finished
11.01.2022, 15:04 FINE Final message printed
Closing application
11.01.2022, 15:06 CONFIG Logger configuration finished
11.01.2022, 15:06 INFO Sort Manager application started
11.01.2022, 15:06 FINE Start Message printed
11.01.2022, 15:06 INFO Sorters list printed out from file
11.01.2022, 15:06 FINE Sorter found in sortersList.txt
11.01.2022, 15:06 FINE Random array generated
11.01.2022, 15:06 INFO Merge Sorter object created
11.01.2022, 15:06 FINE Merge sorter sorting started
11.01.2022, 15:06 FINE Merge sorter sorting finished
11.01.2022, 15:06 FINE Final message printed
Closing application
11.01.2022, 15:10 CONFIG Logger configuration finished
11.01.2022, 15:10 INFO Sort Manager application started
11.01.2022, 15:10 FINE Start Message printed
11.01.2022, 15:10 INFO Sorters list printed out from file
11.01.2022, 15:10 FINE Sorter found in sortersList.txt
11.01.2022, 15:10 FINE Random array generated
11.01.2022, 15:10 INFO Merge Sorter object created
11.01.2022, 15:10 FINE Merge sorter sorting started
11.01.2022, 15:10 FINE Merge sorter sorting finished
11.01.2022, 15:10 FINE Final message printed
Closing application
